[2026-07-21 10:54:09,155][lewm][INFO] - Train samples: 7989, Val samples: 888
[2026-07-21 10:54:09,198][lewm][INFO] - Model built with 3903022 params
[2026-07-21 10:54:09,199][lewm][INFO] - Starting training...
[2026-07-21 10:56:12,762][lewm][INFO] - Epoch 1 train loss: 1.8218
[2026-07-21 10:56:27,208][lewm][INFO] - Epoch 1 val loss: 1.7540
[2026-07-21 10:58:35,500][lewm][INFO] - Epoch 2 train loss: 1.7358
[2026-07-21 10:58:49,767][lewm][INFO] - Epoch 2 val loss: 1.7212
[2026-07-21 11:00:58,653][lewm][INFO] - Epoch 3 train loss: 1.6958
[2026-07-21 11:01:15,203][lewm][INFO] - Epoch 3 val loss: 1.7092
[2026-07-21 11:03:22,742][lewm][INFO] - Epoch 4 train loss: 1.6649
[2026-07-21 11:03:36,861][lewm][INFO] - Epoch 4 val loss: 1.6603
[2026-07-21 11:05:45,502][lewm][INFO] - Epoch 5 train loss: 1.6399
[2026-07-21 11:05:59,896][lewm][INFO] - Epoch 5 val loss: 1.6385
[2026-07-21 11:08:22,214][lewm][INFO] - Epoch 6 train loss: 1.6103
[2026-07-21 11:08:36,820][lewm][INFO] - Epoch 6 val loss: 1.6302
[2026-07-21 11:11:05,765][lewm][INFO] - Epoch 7 train loss: 1.5855
[2026-07-21 11:11:23,350][lewm][INFO] - Epoch 7 val loss: 1.6314
[2026-07-21 11:13:55,754][lewm][INFO] - Epoch 8 train loss: 1.5667
[2026-07-21 11:14:11,553][lewm][INFO] - Epoch 8 val loss: 1.5957
[2026-07-21 11:16:30,818][lewm][INFO] - Epoch 9 train loss: 1.5472
[2026-07-21 11:16:44,535][lewm][INFO] - Epoch 9 val loss: 1.6162
[2026-07-21 11:18:55,645][lewm][INFO] - Epoch 10 train loss: 1.5301
[2026-07-21 11:19:09,608][lewm][INFO] - Epoch 10 val loss: 1.7297
[2026-07-21 11:21:25,459][lewm][INFO] - Epoch 11 train loss: 1.5108
[2026-07-21 11:21:41,383][lewm][INFO] - Epoch 11 val loss: 1.5149
[2026-07-21 11:24:07,282][lewm][INFO] - Epoch 12 train loss: 1.4869
[2026-07-21 11:24:22,023][lewm][INFO] - Epoch 12 val loss: 1.5458
[2026-07-21 11:26:31,080][lewm][INFO] - Epoch 13 train loss: 1.4593
[2026-07-21 11:26:48,479][lewm][INFO] - Epoch 13 val loss: 1.4698
[2026-07-21 11:29:29,308][lewm][INFO] - Epoch 14 train loss: 1.4376
[2026-07-21 11:29:47,119][lewm][INFO] - Epoch 14 val loss: 1.6175
[2026-07-21 11:32:24,890][lewm][INFO] - Epoch 15 train loss: 1.4196
[2026-07-21 11:32:41,726][lewm][INFO] - Epoch 15 val loss: 1.4272
[2026-07-21 11:35:47,652][lewm][INFO] - Epoch 16 train loss: 1.4037
[2026-07-21 11:36:11,099][lewm][INFO] - Epoch 16 val loss: 1.4970
[2026-07-21 11:38:56,456][lewm][INFO] - Epoch 17 train loss: 1.3894
[2026-07-21 11:39:10,931][lewm][INFO] - Epoch 17 val loss: 1.4293
[2026-07-21 11:41:41,115][lewm][INFO] - Epoch 18 train loss: 1.3760
[2026-07-21 11:41:57,231][lewm][INFO] - Epoch 18 val loss: 1.3757
[2026-07-21 11:44:11,998][lewm][INFO] - Epoch 19 train loss: 1.3638
[2026-07-21 11:44:26,386][lewm][INFO] - Epoch 19 val loss: 1.4720
[2026-07-21 11:46:36,140][lewm][INFO] - Epoch 20 train loss: 1.3518
[2026-07-21 11:47:01,485][lewm][INFO] - Epoch 20 val loss: 1.3828
[2026-07-21 11:49:15,790][lewm][INFO] - Epoch 21 train loss: 1.3407
[2026-07-21 11:49:30,099][lewm][INFO] - Epoch 21 val loss: 1.3812
[2026-07-21 11:51:40,269][lewm][INFO] - Epoch 22 train loss: 1.3298
[2026-07-21 11:51:54,202][lewm][INFO] - Epoch 22 val loss: 1.4910
[2026-07-21 11:54:03,181][lewm][INFO] - Epoch 23 train loss: 1.3191
[2026-07-21 11:54:17,049][lewm][INFO] - Epoch 23 val loss: 1.4730
[2026-07-21 11:56:25,226][lewm][INFO] - Epoch 24 train loss: 1.3078
[2026-07-21 11:56:41,741][lewm][INFO] - Epoch 24 val loss: 1.3645
[2026-07-21 11:58:47,544][lewm][INFO] - Epoch 25 train loss: 1.2965
[2026-07-21 11:59:01,924][lewm][INFO] - Epoch 25 val loss: 1.4324
[2026-07-21 12:01:44,034][lewm][INFO] - Epoch 26 train loss: 1.2858
[2026-07-21 12:02:03,035][lewm][INFO] - Epoch 26 val loss: 1.3966
[2026-07-21 12:04:18,924][lewm][INFO] - Epoch 27 train loss: 1.2750
[2026-07-21 12:04:36,914][lewm][INFO] - Epoch 27 val loss: 1.3292
[2026-07-21 12:07:02,342][lewm][INFO] - Epoch 28 train loss: 1.2650
[2026-07-21 12:07:16,748][lewm][INFO] - Epoch 28 val loss: 1.3194
[2026-07-21 12:09:27,142][lewm][INFO] - Epoch 29 train loss: 1.2561
[2026-07-21 12:09:41,247][lewm][INFO] - Epoch 29 val loss: 1.2733
[2026-07-21 12:11:42,783][lewm][INFO] - Epoch 30 train loss: 1.2477
[2026-07-21 12:12:00,164][lewm][INFO] - Epoch 30 val loss: 1.2784
[2026-07-21 12:14:16,868][lewm][INFO] - Epoch 31 train loss: 1.2399
[2026-07-21 12:14:32,763][lewm][INFO] - Epoch 31 val loss: 1.2765
[2026-07-21 12:16:45,917][lewm][INFO] - Epoch 32 train loss: 1.2325
[2026-07-21 12:17:01,082][lewm][INFO] - Epoch 32 val loss: 1.4600
[2026-07-21 12:19:25,037][lewm][INFO] - Epoch 33 train loss: 1.2260
[2026-07-21 12:19:41,801][lewm][INFO] - Epoch 33 val loss: 2.6581
[2026-07-21 12:21:54,809][lewm][INFO] - Epoch 34 train loss: 1.2197
[2026-07-21 12:22:09,536][lewm][INFO] - Epoch 34 val loss: 2.5029
[2026-07-21 12:24:22,046][lewm][INFO] - Epoch 35 train loss: 1.2138
[2026-07-21 12:24:36,568][lewm][INFO] - Epoch 35 val loss: 2.0908
[2026-07-21 12:26:49,410][lewm][INFO] - Epoch 36 train loss: 1.2083
[2026-07-21 12:27:04,033][lewm][INFO] - Epoch 36 val loss: 1.3404
[2026-07-21 12:29:10,058][lewm][INFO] - Epoch 37 train loss: 1.2031
[2026-07-21 12:29:26,034][lewm][INFO] - Epoch 37 val loss: 1.7337
[2026-07-21 12:31:35,691][lewm][INFO] - Epoch 38 train loss: 1.1983
[2026-07-21 12:31:49,863][lewm][INFO] - Epoch 38 val loss: 1.2582
[2026-07-21 12:33:59,994][lewm][INFO] - Epoch 39 train loss: 1.1939
[2026-07-21 12:34:14,275][lewm][INFO] - Epoch 39 val loss: 1.8208
[2026-07-21 12:36:22,681][lewm][INFO] - Epoch 40 train loss: 1.1898
[2026-07-21 12:36:36,963][lewm][INFO] - Epoch 40 val loss: 2.0001
[2026-07-21 12:38:49,048][lewm][INFO] - Epoch 41 train loss: 1.1860
[2026-07-21 12:39:03,666][lewm][INFO] - Epoch 41 val loss: 1.1823
[2026-07-21 12:41:16,540][lewm][INFO] - Epoch 42 train loss: 1.1825
[2026-07-21 12:41:31,274][lewm][INFO] - Epoch 42 val loss: 1.1777
[2026-07-21 12:43:46,523][lewm][INFO] - Epoch 43 train loss: 1.1795
[2026-07-21 12:44:01,022][lewm][INFO] - Epoch 43 val loss: 1.1754
[2026-07-21 12:46:13,849][lewm][INFO] - Epoch 44 train loss: 1.1768
[2026-07-21 12:46:28,822][lewm][INFO] - Epoch 44 val loss: 1.7605
[2026-07-21 12:48:39,779][lewm][INFO] - Epoch 45 train loss: 1.1747
[2026-07-21 12:48:55,413][lewm][INFO] - Epoch 45 val loss: 1.2499
[2026-07-21 12:51:08,979][lewm][INFO] - Epoch 46 train loss: 1.1729
[2026-07-21 12:51:23,852][lewm][INFO] - Epoch 46 val loss: 1.1637
[2026-07-21 12:53:38,041][lewm][INFO] - Epoch 47 train loss: 1.1713
[2026-07-21 12:53:53,052][lewm][INFO] - Epoch 47 val loss: 1.2135
[2026-07-21 12:56:05,549][lewm][INFO] - Epoch 48 train loss: 1.1699
[2026-07-21 12:56:20,954][lewm][INFO] - Epoch 48 val loss: 1.1915
[2026-07-21 12:58:45,844][lewm][INFO] - Epoch 49 train loss: 1.1690
[2026-07-21 12:59:02,173][lewm][INFO] - Epoch 49 val loss: 2.0465
[2026-07-21 13:01:21,978][lewm][INFO] - Epoch 50 train loss: 1.1684
[2026-07-21 13:01:37,107][lewm][INFO] - Epoch 50 val loss: 1.1666
[2026-07-21 13:01:37,193][lewm][INFO] - Training complete!
